Build started 10/27/2018 6:53:20 PM.
     1>Project "C:\Users\Sadman\Desktop\feluda main(25.09.18)99.01% Update\feluda main\iGraphics Project\iGraphics Project.vcxproj" on node 2 (build target(s)).
     1>InitializeBuildStatus:
         Creating "Debug\iGraphics Project.unsuccessfulbuild" because "AlwaysCreate" was specified.
       ClCompile:
         C:\Program Files (x86)\Microsoft Visual Studio 10.0\VC\bin\CL.exe /c /ZI /nologo /W3 /WX- /Od /Oy- /D _MBCS /Gm /EHsc /RTC1 /MDd /GS /fp:precise /Zc:wchar_t /Zc:forScope /Fo"Debug\\" /Fd"Debug\vc100.pdb" /Gd /TP /analyze- /errorReport:prompt iMain.cpp
         iMain.cpp
     1>c:\users\sadman\desktop\feluda main(25.09.18)99.01% update\feluda main\igraphics project\functions.h(7): warning C4067: unexpected tokens following preprocessor directive - expected a newline
     1>c:\users\sadman\desktop\feluda main(25.09.18)99.01% update\feluda main\igraphics project\functions.h(556): warning C4554: '&' : check operator precedence for possible error; use parentheses to clarify precedence
       Link:
         C:\Program Files (x86)\Microsoft Visual Studio 10.0\VC\bin\link.exe /ERRORREPORT:PROMPT /OUT:"C:\Users\Sadman\Desktop\feluda main(25.09.18)99.01% Update\feluda main\Debug\iGraphics Project.exe" /NOLOGO kernel32.lib user32.lib gdi32.lib winspool.lib comdlg32.lib advapi32.lib shell32.lib ole32.lib oleaut32.lib uuid.lib odbc32.lib odbccp32.lib /MANIFEST /ManifestFile:"Debug\iGraphics Project.exe.intermediate.manifest" /MANIFESTUAC:"level='asInvoker' uiAccess='false'" /DEBUG /PDB:"C:\Users\Sadman\Desktop\feluda main(25.09.18)99.01% Update\feluda main\Debug\iGraphics Project.pdb" /TLBID:1 /DYNAMICBASE /NXCOMPAT /IMPLIB:"C:\Users\Sadman\Desktop\feluda main(25.09.18)99.01% Update\feluda main\Debug\iGraphics Project.lib" /MACHINE:X86 Debug\iMain.obj
         LINK : C:\Users\Sadman\Desktop\feluda main(25.09.18)99.01% Update\feluda main\Debug\iGraphics Project.exe not found or not built by the last incremental link; performing full link
         iGraphics Project.vcxproj -> C:\Users\Sadman\Desktop\feluda main(25.09.18)99.01% Update\feluda main\Debug\iGraphics Project.exe
       Manifest:
         C:\Program Files (x86)\Microsoft SDKs\Windows\v7.0A\bin\mt.exe /nologo /verbose /outputresource:"C:\Users\Sadman\Desktop\feluda main(25.09.18)99.01% Update\feluda main\Debug\iGraphics Project.exe;#1" /manifest "Debug\iGraphics Project.exe.intermediate.manifest"
       FinalizeBuildStatus:
         Deleting file "Debug\iGraphics Project.unsuccessfulbuild".
         Touching "Debug\iGraphics Project.lastbuildstate".
     1>Done Building Project "C:\Users\Sadman\Desktop\feluda main(25.09.18)99.01% Update\feluda main\iGraphics Project\iGraphics Project.vcxproj" (build target(s)).

Build succeeded.

Time Elapsed 00:00:01.48
